"../../../Engine/Content/EngineMaterials/T_Default_Material_Grid_M.ubulk" 0
"../../../Engine/Content/EngineMaterials/T_Default_Material_Grid_M.uasset" 1
"../../../Engine/Content/EngineMaterials/T_Default_Material_Grid_M.uexp" 2
"../../../Engine/Content/EngineMaterials/T_Default_Material_Grid_N.ubulk" 3
"../../../Engine/Content/EngineMaterials/T_Default_Material_Grid_N.uasset" 4
"../../../Engine/Content/EngineMaterials/T_Default_Material_Grid_N.uexp" 5
"../../../Engine/Content/Functions/Engine_MaterialFunctions01/Opacity/CameraDepthFade.uasset" 6
"../../../Engine/Content/Functions/Engine_MaterialFunctions01/Opacity/CameraDepthFade.uexp" 7
"../../../Engine/Content/EngineMaterials/DefaultMaterial.uasset" 8
"../../../Engine/Content/EngineMaterials/DefaultMaterial.uexp" 9
"../../../Engine/Content/BasicShapes/Sphere.ubulk" 10
"../../../Engine/Content/BasicShapes/Sphere.uasset" 11
"../../../Engine/Content/BasicShapes/Sphere.uexp" 12
"../../../Engine/Content/EngineMaterials/WorldGridMaterial.uasset" 13
"../../../Engine/Content/EngineMaterials/WorldGridMaterial.uexp" 14
"../../../Engine/Content/BasicShapes/Plane.ubulk" 15
"../../../Engine/Content/BasicShapes/Plane.uasset" 16
"../../../Engine/Content/BasicShapes/Plane.uexp" 17
"../../../Engine/Content/BasicShapes/Cylinder.ubulk" 18
"../../../Engine/Content/BasicShapes/Cylinder.uasset" 19
"../../../Engine/Content/BasicShapes/Cylinder.uexp" 20
"../../../Engine/Content/BasicShapes/Cone.ubulk" 21
"../../../Engine/Content/BasicShapes/Cone.uasset" 22
"../../../Engine/Content/BasicShapes/Cone.uexp" 23
"../../../Engine/Content/ArtTools/RenderToTexture/Meshes/S_1_Unit_Plane.ubulk" 24
"../../../Engine/Content/ArtTools/RenderToTexture/Meshes/S_1_Unit_Plane.uasset" 25
"../../../Engine/Content/ArtTools/RenderToTexture/Meshes/S_1_Unit_Plane.uexp" 26
"../../../Engine/Content/EditorLandscapeResources/DefaultAlphaTexture.uasset" 27
"../../../Engine/Content/EditorLandscapeResources/DefaultAlphaTexture.uexp" 28
"../../../Engine/Content/EditorLandscapeResources/DataLayer.uasset" 29
"../../../Engine/Content/EditorLandscapeResources/DataLayer.uexp" 30
"../../../Engine/Content/EditorMaterials/PreviewShadowIndicator.ubulk" 31
"../../../Engine/Content/EditorMaterials/PreviewShadowIndicator.uasset" 32
"../../../Engine/Content/EditorMaterials/PreviewShadowIndicator.uexp" 33
"../../../Engine/Content/EditorMaterials/PreviewShadowIndicatorMaterial.uasset" 34
"../../../Engine/Content/EditorMaterials/PreviewShadowIndicatorMaterial.uexp" 35
"../../../Engine/Content/EditorMaterials/MAT_Groups_Visibility.uasset" 36
"../../../Engine/Content/EditorMaterials/MAT_Groups_Visibility.uexp" 37
"../../../Engine/Content/EditorMaterials/MAT_Groups_Toggle.uasset" 38
"../../../Engine/Content/EditorMaterials/MAT_Groups_Toggle.uexp" 39
"../../../Engine/Content/EditorMaterials/MatineeGroups/MAT_Groups_Vector.uasset" 40
"../../../Engine/Content/EditorMaterials/MatineeGroups/MAT_Groups_Vector.uexp" 41
"../../../Engine/Content/EditorMaterials/MatineeGroups/MAT_Groups_Sound.uasset" 42
"../../../Engine/Content/EditorMaterials/MatineeGroups/MAT_Groups_Sound.uexp" 43
"../../../Engine/Content/EditorMaterials/MatineeGroups/MAT_Groups_Slomo.uasset" 44
"../../../Engine/Content/EditorMaterials/MatineeGroups/MAT_Groups_Slomo.uexp" 45
"../../../Engine/Content/EditorMaterials/MatineeGroups/MAT_Groups_Move.uasset" 46
"../../../Engine/Content/EditorMaterials/MatineeGroups/MAT_Groups_Move.uexp" 47
"../../../Engine/Content/EditorMaterials/MatineeGroups/MAT_Groups_Float.uasset" 48
"../../../Engine/Content/EditorMaterials/MatineeGroups/MAT_Groups_Float.uexp" 49
"../../../Engine/Content/EditorMaterials/MatineeGroups/MAT_Groups_Fade.uasset" 50
"../../../Engine/Content/EditorMaterials/MatineeGroups/MAT_Groups_Fade.uexp" 51
"../../../Engine/Content/EditorMaterials/MatineeGroups/MAT_Groups_Event.uasset" 52
"../../../Engine/Content/EditorMaterials/MatineeGroups/MAT_Groups_Event.uexp" 53
"../../../Engine/Content/EditorMaterials/MatineeGroups/MAT_Groups_Director.uasset" 54
"../../../Engine/Content/EditorMaterials/MatineeGroups/MAT_Groups_Director.uexp" 55
"../../../Engine/Content/EditorMaterials/MatineeGroups/MAT_Groups_AudioMaster.uasset" 56
"../../../Engine/Content/EditorMaterials/MatineeGroups/MAT_Groups_AudioMaster.uexp" 57
"../../../Engine/Content/EditorMaterials/MatineeGroups/MAT_Groups_Anim.uasset" 58
"../../../Engine/Content/EditorMaterials/MatineeGroups/MAT_Groups_Anim.uexp" 59
"../../../Engine/Content/EditorMaterials/MatineeGroups/MAT_ColorTrack.uasset" 60
"../../../Engine/Content/EditorMaterials/MatineeGroups/MAT_ColorTrack.uexp" 61
"../../../Engine/Content/EditorMaterials/ParticleSystems/PSysThumbnail_OOD.ubulk" 62
"../../../Engine/Content/EditorMaterials/ParticleSystems/PSysThumbnail_OOD.uasset" 63
"../../../Engine/Content/EditorMaterials/ParticleSystems/PSysThumbnail_OOD.uexp" 64
"../../../Engine/Content/EditorMaterials/ParticleSystems/PSysThumbnail_NoImage.ubulk" 65
"../../../Engine/Content/EditorMaterials/ParticleSystems/PSysThumbnail_NoImage.uasset" 66
"../../../Engine/Content/EditorMaterials/ParticleSystems/PSysThumbnail_NoImage.uexp" 67
"../../../Engine/Content/Functions/Engine_MaterialFunctions02/Utility/MakeFloat4.uasset" 68
"../../../Engine/Content/Functions/Engine_MaterialFunctions02/Utility/MakeFloat4.uexp" 69
"../../../Engine/Content/Functions/Engine_MaterialFunctions02/Utility/MakeFloat3.uasset" 70
"../../../Engine/Content/Functions/Engine_MaterialFunctions02/Utility/MakeFloat3.uexp" 71
"../../../Engine/Content/Functions/Engine_MaterialFunctions02/Utility/BreakOutFloat3Components.uasset" 72
"../../../Engine/Content/Functions/Engine_MaterialFunctions02/Utility/BreakOutFloat3Components.uexp" 73
"../../../Engine/Content/EditorMaterials/WorldPartition/WorldPartitionSpatialHashGridPreviewMaterial.uasset" 74
"../../../Engine/Content/EditorMaterials/WorldPartition/WorldPartitionSpatialHashGridPreviewMaterial.uexp" 75
"../../../Engine/Content/EditorResources/S_TriggerSphere.uasset" 76
"../../../Engine/Content/EditorResources/S_TriggerSphere.uexp" 77
"../../../Engine/Content/EditorResources/S_TriggerCapsule.uasset" 78
"../../../Engine/Content/EditorResources/S_TriggerCapsule.uexp" 79
"../../../Engine/Content/EditorResources/S_TriggerBox.uasset" 80
"../../../Engine/Content/EditorResources/S_TriggerBox.uexp" 81
"../../../Engine/Content/EditorResources/S_Trigger.ubulk" 82
"../../../Engine/Content/EditorResources/S_Trigger.uasset" 83
"../../../Engine/Content/EditorResources/S_Trigger.uexp" 84
"../../../Engine/Content/EditorResources/S_Terrain.ubulk" 85
"../../../Engine/Content/EditorResources/S_Terrain.uasset" 86
"../../../Engine/Content/EditorResources/S_Terrain.uexp" 87
"../../../Engine/Content/EditorResources/S_Solver.ubulk" 88
"../../../Engine/Content/EditorResources/S_Solver.uasset" 89
"../../../Engine/Content/EditorResources/S_Solver.uexp" 90
"../../../Engine/Content/EditorResources/S_BoxReflectionCapture.uasset" 91
"../../../Engine/Content/EditorResources/S_BoxReflectionCapture.uexp" 92
"../../../Engine/Content/EditorResources/S_Actor.ubulk" 93
"../../../Engine/Content/EditorResources/S_Actor.uasset" 94
"../../../Engine/Content/EditorResources/S_Actor.uexp" 95
"../../../Engine/Content/EditorResources/EmptyActor.uasset" 96
"../../../Engine/Content/EditorResources/EmptyActor.uexp" 97
"../../../Engine/Content/EditorResources/BSPVertex.uasset" 98
"../../../Engine/Content/EditorResources/BSPVertex.uexp" 99
"../../../Engine/Content/EditorMaterials/Camera/CineMat.uasset" 100
"../../../Engine/Content/EditorMaterials/Camera/CineMat.uexp" 101
"../../../Engine/Content/EditorMaterials/Camera/MI_CineMat_Rig.uasset" 102
"../../../Engine/Content/EditorMaterials/Camera/MI_CineMat_Rig.uexp" 103
"../../../Engine/Content/EditorMeshes/Camera/SM_RailRig_Track.ubulk" 104
"../../../Engine/Content/EditorMeshes/Camera/SM_RailRig_Track.uasset" 105
"../../../Engine/Content/EditorMeshes/Camera/SM_RailRig_Track.uexp" 106
"../../../Engine/Content/EditorMeshes/Camera/SM_RailRig_Mount.ubulk" 107
"../../../Engine/Content/EditorMeshes/Camera/SM_RailRig_Mount.uasset" 108
"../../../Engine/Content/EditorMeshes/Camera/SM_RailRig_Mount.uexp" 109
"../../../Engine/Content/EditorMeshes/Camera/SM_CraneRig_Mount.ubulk" 110
"../../../Engine/Content/EditorMeshes/Camera/SM_CraneRig_Mount.uasset" 111
"../../../Engine/Content/EditorMeshes/Camera/SM_CraneRig_Mount.uexp" 112
"../../../Engine/Content/EditorMeshes/Camera/SM_CraneRig_Body.ubulk" 113
"../../../Engine/Content/EditorMeshes/Camera/SM_CraneRig_Body.uasset" 114
"../../../Engine/Content/EditorMeshes/Camera/SM_CraneRig_Body.uexp" 115
"../../../Engine/Content/EditorMeshes/Camera/SM_CraneRig_Base.ubulk" 116
"../../../Engine/Content/EditorMeshes/Camera/SM_CraneRig_Base.uasset" 117
"../../../Engine/Content/EditorMeshes/Camera/SM_CraneRig_Base.uexp" 118
"../../../Engine/Content/EditorMeshes/Camera/SM_CraneRig_Arm.ubulk" 119
"../../../Engine/Content/EditorMeshes/Camera/SM_CraneRig_Arm.uasset" 120
"../../../Engine/Content/EditorMeshes/Camera/SM_CraneRig_Arm.uexp" 121
"../../../Engine/Content/EditorResources/AudioIcons/S_AudioComponent_AutoActivate.uasset" 122
"../../../Engine/Content/EditorResources/AudioIcons/S_AudioComponent_AutoActivate.uexp" 123
"../../../Engine/Content/EditorResources/SequenceRecorder/RecordingIndicator.uasset" 124
"../../../Engine/Content/EditorResources/SequenceRecorder/RecordingIndicator.uexp" 125
"../../../Engine/Content/EditorResources/SequenceRecorder/Countdown.uasset" 126
"../../../Engine/Content/EditorResources/SequenceRecorder/Countdown.uexp" 127
"../../../Engine/Content/EngineDamageTypes/DmgTypeBP_Environmental.uasset" 128
"../../../Engine/Content/EngineDamageTypes/DmgTypeBP_Environmental.uexp" 129
"../../../Engine/Content/Functions/Engine_MaterialFunctions02/Utility/CameraDirectionVector.uasset" 130
"../../../Engine/Content/Functions/Engine_MaterialFunctions02/Utility/CameraDirectionVector.uexp" 131
"../../../Engine/Content/EngineDebugMaterials/VolumeToRender.uasset" 132
"../../../Engine/Content/EngineDebugMaterials/VolumeToRender.uexp" 133
"../../../Engine/Content/EngineDebugMaterials/M_VolumeRenderSphereTracePP.uasset" 134
"../../../Engine/Content/EngineDebugMaterials/M_VolumeRenderSphereTracePP.uexp" 135
"../../../Engine/Content/EngineDebugMaterials/M_SimpleUnlitTranslucent.uasset" 136
"../../../Engine/Content/EngineDebugMaterials/M_SimpleUnlitTranslucent.uexp" 137
"../../../Engine/Content/EngineDebugMaterials/DebugMeshMaterial.uasset" 138
"../../../Engine/Content/EngineDebugMaterials/DebugMeshMaterial.uexp" 139
"../../../Engine/Content/EngineDebugMaterials/DebugEditorMaterial.uasset" 140
"../../../Engine/Content/EngineDebugMaterials/DebugEditorMaterial.uexp" 141
"../../../Engine/Content/EngineFonts/Faces/RobotoLight.uexp" 142
"../../../Engine/Content/EngineFonts/Faces/RobotoLight.uasset" 143
"../../../Engine/Content/EngineFonts/Faces/RobotoLight.ufont" 144
"../../../Engine/Content/EngineFonts/Faces/RobotoBold.uexp" 145
"../../../Engine/Content/EngineFonts/Faces/RobotoBold.uasset" 146
"../../../Engine/Content/EngineFonts/Faces/RobotoBold.ufont" 147
"../../../Engine/Content/EngineFonts/Faces/RobotoRegular.uexp" 148
"../../../Engine/Content/EngineFonts/Faces/RobotoRegular.uasset" 149
"../../../Engine/Content/EngineFonts/Faces/RobotoRegular.ufont" 150
"../../../Engine/Content/EngineFonts/Faces/DroidSansFallback.uexp" 151
"../../../Engine/Content/EngineFonts/Faces/DroidSansFallback.uasset" 152
"../../../Engine/Content/EngineFonts/Faces/DroidSansFallback.ufont" 153
"../../../Engine/Content/EngineFonts/Faces/RobotoItalic.uexp" 154
"../../../Engine/Content/EngineFonts/Faces/RobotoItalic.uasset" 155
"../../../Engine/Content/EngineFonts/Faces/RobotoItalic.ufont" 156
"../../../Engine/Content/EngineFonts/Faces/RobotoBoldItalic.uexp" 157
"../../../Engine/Content/EngineFonts/Faces/RobotoBoldItalic.uasset" 158
"../../../Engine/Content/EngineFonts/Faces/RobotoBoldItalic.ufont" 159
"../../../Engine/Content/EngineFonts/Roboto.uasset" 160
"../../../Engine/Content/EngineFonts/Roboto.uexp" 161
"../../../Engine/Content/EngineResources/WhiteSquareTexture.uasset" 162
"../../../Engine/Content/EngineResources/WhiteSquareTexture.uexp" 163
"../../../Engine/Content/EngineMaterials/Widget3DPassThrough.uasset" 164
"../../../Engine/Content/EngineMaterials/Widget3DPassThrough.uexp" 165
"../../../Engine/Content/EngineMaterials/Widget3DPassThrough_Translucent.uasset" 166
"../../../Engine/Content/EngineMaterials/Widget3DPassThrough_Translucent.uexp" 167
"../../../Engine/Content/EngineMaterials/Widget3DPassThrough_Translucent_OneSided.uasset" 168
"../../../Engine/Content/EngineMaterials/Widget3DPassThrough_Translucent_OneSided.uexp" 169
"../../../Engine/Content/EngineMaterials/Widget3DPassThrough_Opaque.uasset" 170
"../../../Engine/Content/EngineMaterials/Widget3DPassThrough_Opaque.uexp" 171
"../../../Engine/Content/EngineMaterials/Widget3DPassThrough_Opaque_OneSided.uasset" 172
"../../../Engine/Content/EngineMaterials/Widget3DPassThrough_Opaque_OneSided.uexp" 173
"../../../Engine/Content/EngineMaterials/Widget3DPassThrough_Masked_OneSided.uasset" 174
"../../../Engine/Content/EngineMaterials/Widget3DPassThrough_Masked_OneSided.uexp" 175
"../../../Engine/Content/EngineMaterials/Widget3DPassThrough_Masked.uasset" 176
"../../../Engine/Content/EngineMaterials/Widget3DPassThrough_Masked.uexp" 177
"../../../Engine/Content/EngineMaterials/WeightMapPlaceholderTexture.uasset" 178
"../../../Engine/Content/EngineMaterials/WeightMapPlaceholderTexture.uexp" 179
"../../../Engine/Content/EngineMaterials/RemoveSurfaceMaterial.uasset" 180
"../../../Engine/Content/EngineMaterials/RemoveSurfaceMaterial.uexp" 181
"../../../Engine/Content/EngineMaterials/PreintegratedSkinBRDF.uasset" 182
"../../../Engine/Content/EngineMaterials/PreintegratedSkinBRDF.uexp" 183
"../../../Engine/Content/EngineMaterials/DefaultCalibrationGrayscale.uasset" 184
"../../../Engine/Content/EngineMaterials/DefaultCalibrationGrayscale.uexp" 185
"../../../Engine/Content/EngineMaterials/PPM_DefaultCalibrationGrayscale.uasset" 186
"../../../Engine/Content/EngineMaterials/PPM_DefaultCalibrationGrayscale.uexp" 187
"../../../Engine/Content/EngineMaterials/DefaultCalibrationColor.uasset" 188
"../../../Engine/Content/EngineMaterials/DefaultCalibrationColor.uexp" 189
"../../../Engine/Content/EngineMaterials/PPM_DefaultCalibrationColor.uasset" 190
"../../../Engine/Content/EngineMaterials/PPM_DefaultCalibrationColor.uexp" 191
"../../../Engine/Content/Functions/Engine_MaterialFunctions02/WorldPositionOffset/CameraOffset.uasset" 192
"../../../Engine/Content/Functions/Engine_MaterialFunctions02/WorldPositionOffset/CameraOffset.uexp" 193
"../../../Engine/Content/EngineMaterials/PhAT_JointLimitMaterial.uasset" 194
"../../../Engine/Content/EngineMaterials/PhAT_JointLimitMaterial.uexp" 195
"../../../Engine/Content/EngineMaterials/InvalidLightmapSettings.ubulk" 196
"../../../Engine/Content/EngineMaterials/InvalidLightmapSettings.uasset" 197
"../../../Engine/Content/EngineMaterials/InvalidLightmapSettings.uexp" 198
"../../../Engine/Content/EngineMaterials/M_InvalidLightmapSettings.uasset" 199
"../../../Engine/Content/EngineMaterials/M_InvalidLightmapSettings.uexp" 200
"../../../Engine/Content/EngineMaterials/MiniFont.uasset" 201
"../../../Engine/Content/EngineMaterials/MiniFont.uexp" 202
"../../../Engine/Content/EngineMeshes/Sphere.ubulk" 203
"../../../Engine/Content/EngineMeshes/Sphere.uasset" 204
"../../../Engine/Content/EngineMeshes/Sphere.uexp" 205
"../../../Engine/Content/EngineMeshes/Cube.ubulk" 206
"../../../Engine/Content/EngineMeshes/Cube.uasset" 207
"../../../Engine/Content/EngineMeshes/Cube.uexp" 208
"../../../Engine/Content/EngineMaterials/Good64x64TilingNoiseHighFreq.uasset" 209
"../../../Engine/Content/EngineMaterials/Good64x64TilingNoiseHighFreq.uexp" 210
"../../../Engine/Content/EngineMaterials/GizmoMaterial.uasset" 211
"../../../Engine/Content/EngineMaterials/GizmoMaterial.uexp" 212
"../../../Engine/Content/EngineMaterials/BaseFlattenEmissiveMap_VT.uasset" 213
"../../../Engine/Content/EngineMaterials/BaseFlattenEmissiveMap_VT.uexp" 214
"../../../Engine/Content/EngineMaterials/BaseFlattenGrayscaleMap_VT.uasset" 215
"../../../Engine/Content/EngineMaterials/BaseFlattenGrayscaleMap_VT.uexp" 216
"../../../Engine/Content/EngineMaterials/BaseFlattenLinearColor_VT.uasset" 217
"../../../Engine/Content/EngineMaterials/BaseFlattenLinearColor_VT.uexp" 218
"../../../Engine/Content/EngineMaterials/Black_1x1_EXR_Texture_VT.uasset" 219
"../../../Engine/Content/EngineMaterials/Black_1x1_EXR_Texture_VT.uexp" 220
"../../../Engine/Content/EngineMaterials/BaseFlattenDiffuseMap_VT.uasset" 221
"../../../Engine/Content/EngineMaterials/BaseFlattenDiffuseMap_VT.uexp" 222
"../../../Engine/Content/EngineMaterials/BaseFlattenNormalMap_VT.uasset" 223
"../../../Engine/Content/EngineMaterials/BaseFlattenNormalMap_VT.uexp" 224
"../../../Engine/Content/EngineMaterials/FlattenMaterial_WS_Normal_VT.uasset" 225
"../../../Engine/Content/EngineMaterials/FlattenMaterial_WS_Normal_VT.uexp" 226
"../../../Engine/Content/EngineMaterials/FlattenMaterial_VT.uasset" 227
"../../../Engine/Content/EngineMaterials/FlattenMaterial_VT.uexp" 228
"../../../Engine/Content/EngineMaterials/BaseFlattenNormalMap.uasset" 229
"../../../Engine/Content/EngineMaterials/BaseFlattenNormalMap.uexp" 230
"../../../Engine/Content/EngineMaterials/BaseFlattenGrayscaleMap.uasset" 231
"../../../Engine/Content/EngineMaterials/BaseFlattenGrayscaleMap.uexp" 232
"../../../Engine/Content/EngineMaterials/BaseFlattenDiffuseMap.uasset" 233
"../../../Engine/Content/EngineMaterials/BaseFlattenDiffuseMap.uexp" 234
"../../../Engine/Content/Functions/Engine_MaterialFunctions02/PivotPainter2/Black_1x1_EXR_Texture.uasset" 235
"../../../Engine/Content/Functions/Engine_MaterialFunctions02/PivotPainter2/Black_1x1_EXR_Texture.uexp" 236
"../../../Engine/Content/EngineMaterials/BaseFlattenEmissiveMap.uasset" 237
"../../../Engine/Content/EngineMaterials/BaseFlattenEmissiveMap.uexp" 238
"../../../Engine/Content/EngineMaterials/BaseFlattenLinearColor.uasset" 239
"../../../Engine/Content/EngineMaterials/BaseFlattenLinearColor.uexp" 240
"../../../Engine/Content/EngineMaterials/FlattenMaterial.uasset" 241
"../../../Engine/Content/EngineMaterials/FlattenMaterial.uexp" 242
"../../../Engine/Content/EngineMaterials/DefaultWhiteGrid_Low.uasset" 243
"../../../Engine/Content/EngineMaterials/DefaultWhiteGrid_Low.uexp" 244
"../../../Engine/Content/EngineMaterials/EmissiveMeshMaterial.uasset" 245
"../../../Engine/Content/EngineMaterials/EmissiveMeshMaterial.uexp" 246
"../../../Engine/Content/EngineMaterials/DefaultWhiteGrid.ubulk" 247
"../../../Engine/Content/EngineMaterials/DefaultWhiteGrid.uasset" 248
"../../../Engine/Content/EngineMaterials/DefaultWhiteGrid.uexp" 249
"../../../Engine/Content/EngineFonts/RobotoDistanceField.uasset" 250
"../../../Engine/Content/EngineFonts/RobotoDistanceField.uexp" 251
"../../../Engine/Content/EngineMaterials/DefaultTextMaterialOpaque.uasset" 252
"../../../Engine/Content/EngineMaterials/DefaultTextMaterialOpaque.uexp" 253
"../../../Engine/Content/EngineMaterials/DefaultDiffuse.ubulk" 254
"../../../Engine/Content/EngineMaterials/DefaultDiffuse.uasset" 255
"../../../Engine/Content/EngineMaterials/DefaultDiffuse.uexp" 256
"../../../Engine/Content/Functions/Engine_MaterialFunctions02/Utility/BreakOutFloat2Components.uasset" 257
"../../../Engine/Content/Functions/Engine_MaterialFunctions02/Utility/BreakOutFloat2Components.uexp" 258
"../../../Engine/Content/EngineMaterials/DefaultPostProcessMaterial.uasset" 259
"../../../Engine/Content/EngineMaterials/DefaultPostProcessMaterial.uexp" 260
"../../../Engine/Content/EngineMaterials/DefaultPhysicalMaterial.uasset" 261
"../../../Engine/Content/EngineMaterials/DefaultPhysicalMaterial.uexp" 262
"../../../Engine/Content/EngineMaterials/DefaultLightFunctionMaterial.uasset" 263
"../../../Engine/Content/EngineMaterials/DefaultLightFunctionMaterial.uexp" 264
"../../../Engine/Content/EngineMaterials/DefaultDestructiblePhysicalMaterial.uasset" 265
"../../../Engine/Content/EngineMaterials/DefaultDestructiblePhysicalMaterial.uexp" 266
"../../../Engine/Content/EngineMaterials/DefaultDeferredDecalMaterial.uasset" 267
"../../../Engine/Content/EngineMaterials/DefaultDeferredDecalMaterial.uexp" 268
"../../../Engine/Content/EngineMaterials/DefaultBokeh.uasset" 269
"../../../Engine/Content/EngineMaterials/DefaultBokeh.uexp" 270
"../../../Engine/Content/EngineMaterials/DefaultBloomKernel.uasset" 271
"../../../Engine/Content/EngineMaterials/DefaultBloomKernel.uexp" 272
"../../../Engine/Content/EngineMaterials/BlueNoise.uasset" 273
"../../../Engine/Content/EngineMaterials/BlueNoise.uexp" 274
"../../../Engine/Content/EngineResources/GradientTexture0.uasset" 275
"../../../Engine/Content/EngineResources/GradientTexture0.uexp" 276
"../../../Engine/Content/EngineResources/DefaultVolumeTexture2D.uasset" 277
"../../../Engine/Content/EngineResources/DefaultVolumeTexture2D.uexp" 278
"../../../Engine/Content/EngineResources/DefaultVolumeTexture.uasset" 279
"../../../Engine/Content/EngineResources/DefaultVolumeTexture.uexp" 280
"../../../Engine/Content/EngineResources/DefaultTextureCube.uasset" 281
"../../../Engine/Content/EngineResources/DefaultTextureCube.uexp" 282
"../../../Engine/Content/EngineResources/DefaultTexture.ubulk" 283
"../../../Engine/Content/EngineResources/DefaultTexture.uasset" 284
"../../../Engine/Content/EngineResources/DefaultTexture.uexp" 285
"../../../Engine/Content/EngineResources/Black.uasset" 286
"../../../Engine/Content/EngineResources/Black.uexp" 287
"../../../Engine/Content/EngineResources/FilmGrains/Marcie_Grain_v3_128_M2_000.uasset" 288
"../../../Engine/Content/EngineResources/FilmGrains/Marcie_Grain_v3_128_M2_000.uexp" 289
"../../../Engine/Content/EngineSky/VolumetricClouds/CloudWeatherTexture.uasset" 290
"../../../Engine/Content/EngineSky/VolumetricClouds/CloudWeatherTexture.uexp" 291
"../../../Engine/Content/Functions/Engine_MaterialFunctions02/Utility/MakeFloat2.uasset" 292
"../../../Engine/Content/Functions/Engine_MaterialFunctions02/Utility/MakeFloat2.uexp" 293
"../../../Engine/Content/EngineSky/VolumetricClouds/CloudGradientTexture.uasset" 294
"../../../Engine/Content/EngineSky/VolumetricClouds/CloudGradientTexture.uexp" 295
"../../../Engine/Content/EngineSky/VolumetricClouds/T_NoiseShape64.ubulk" 296
"../../../Engine/Content/EngineSky/VolumetricClouds/T_NoiseShape64.uasset" 297
"../../../Engine/Content/EngineSky/VolumetricClouds/T_NoiseShape64.uexp" 298
"../../../Engine/Content/EngineSky/VolumetricClouds/T_VolumeNoiseShape64.uasset" 299
"../../../Engine/Content/EngineSky/VolumetricClouds/T_VolumeNoiseShape64.uexp" 300
"../../../Engine/Content/EngineSky/VolumetricClouds/T_NoiseErosion.ubulk" 301
"../../../Engine/Content/EngineSky/VolumetricClouds/T_NoiseErosion.uasset" 302
"../../../Engine/Content/EngineSky/VolumetricClouds/T_NoiseErosion.uexp" 303
"../../../Engine/Content/EngineSky/VolumetricClouds/T_VolumeNoiseErosion32.uasset" 304
"../../../Engine/Content/EngineSky/VolumetricClouds/T_VolumeNoiseErosion32.uexp" 305
"../../../Engine/Content/EngineSky/VolumetricClouds/m_SimpleVolumetricCloud.uasset" 306
"../../../Engine/Content/EngineSky/VolumetricClouds/m_SimpleVolumetricCloud.uexp" 307
"../../../Engine/Content/EngineSky/VolumetricClouds/m_SimpleVolumetricCloud_Inst.uasset" 308
"../../../Engine/Content/EngineSky/VolumetricClouds/m_SimpleVolumetricCloud_Inst.uexp" 309
"../../../Engine/Content/EngineSounds/Master.uasset" 310
"../../../Engine/Content/EngineSounds/Master.uexp" 311
"../../../Engine/Content/Functions/Engine_MaterialFunctions01/Shading/PowerToRoughness.uasset" 312
"../../../Engine/Content/Functions/Engine_MaterialFunctions01/Shading/PowerToRoughness.uexp" 313
"../../../Engine/Content/Functions/Engine_MaterialFunctions01/Shading/ConvertFromDiffSpec.uasset" 314
"../../../Engine/Content/Functions/Engine_MaterialFunctions01/Shading/ConvertFromDiffSpec.uexp" 315
"../../../Engine/Content/MobileResources/HUD/VirtualJoystick_Background.uasset" 316
"../../../Engine/Content/MobileResources/HUD/VirtualJoystick_Background.uexp" 317
"../../../Engine/Content/MobileResources/HUD/VirtualJoystick_Thumb.uasset" 318
"../../../Engine/Content/MobileResources/HUD/VirtualJoystick_Thumb.uexp" 319
"../../../Engine/Content/MobileResources/HUD/DefaultVirtualJoysticks.uasset" 320
"../../../Engine/Content/MobileResources/HUD/DefaultVirtualJoysticks.uexp" 321
"../../../Engine/Content/Tutorial/ContentIntroCurve.uasset" 322
"../../../Engine/Content/Tutorial/ContentIntroCurve.uexp" 323
"../../../Engine/Content/Tutorial/BlueprintTutorials/TutorialAssets/Blueprint_64x.uasset" 324
"../../../Engine/Content/Tutorial/BlueprintTutorials/TutorialAssets/Blueprint_64x.uexp" 325
"../../../Engine/Content/Tutorial/Landscape/TutorialAssets/Landscape.uasset" 326
"../../../Engine/Content/Tutorial/Landscape/TutorialAssets/Landscape.uexp" 327
"../../../Engine/Content/EditorBlueprintResources/StandardMacros.uasset" 328
"../../../Engine/Content/EditorBlueprintResources/StandardMacros.uexp" 329
"../../../Engine/Content/VREditor/TransformGizmo/Main.uasset" 330
"../../../Engine/Content/VREditor/TransformGizmo/Main.uexp" 331
"../../../Engine/Content/VREditor/TransformGizmo/Xray.uasset" 332
"../../../Engine/Content/VREditor/TransformGizmo/Xray.uexp" 333
"../../../Engine/Content/VREditor/TransformGizmo/SM_Sequencer_Node.ubulk" 334
"../../../Engine/Content/VREditor/TransformGizmo/SM_Sequencer_Node.uasset" 335
"../../../Engine/Content/VREditor/TransformGizmo/SM_Sequencer_Node.uexp" 336
"../../../Engine/Content/VREditor/LaserPointer/VR_LaserPower_01.ubulk" 337
"../../../Engine/Content/VREditor/LaserPointer/VR_LaserPower_01.uasset" 338
"../../../Engine/Content/VREditor/LaserPointer/VR_LaserPower_01.uexp" 339
"../../../Engine/Content/VREditor/TransformGizmo/TransformGizmoMaterial.uasset" 340
"../../../Engine/Content/VREditor/TransformGizmo/TransformGizmoMaterial.uexp" 341
"../../../Engine/Content/VREditor/TransformGizmo/TranslucentTransformGizmoMaterial.uasset" 342
"../../../Engine/Content/VREditor/TransformGizmo/TranslucentTransformGizmoMaterial.uexp" 343
"../../../Engine/Content/VREditor/TransformGizmo/PlaneTranslationHandle.ubulk" 344
"../../../Engine/Content/VREditor/TransformGizmo/PlaneTranslationHandle.uasset" 345
"../../../Engine/Content/VREditor/TransformGizmo/PlaneTranslationHandle.uexp" 346
"../../../Engine/Content/VREditor/TransformGizmo/BoundingBoxEdge.ubulk" 347
"../../../Engine/Content/VREditor/TransformGizmo/BoundingBoxEdge.uasset" 348
"../../../Engine/Content/VREditor/TransformGizmo/BoundingBoxEdge.uexp" 349
"../../../Engine/Content/VREditor/TransformGizmo/BoundingBoxCorner.ubulk" 350
"../../../Engine/Content/VREditor/TransformGizmo/BoundingBoxCorner.uasset" 351
"../../../Engine/Content/VREditor/TransformGizmo/BoundingBoxCorner.uexp" 352
"../../../Engine/Plugins/2D/Paper2D/Content/PlaceholderTextures/DummySpriteTexture.ubulk" 353
"../../../Engine/Plugins/2D/Paper2D/Content/PlaceholderTextures/DummySpriteTexture.uasset" 354
"../../../Engine/Plugins/2D/Paper2D/Content/PlaceholderTextures/DummySpriteTexture.uexp" 355
"../../../Engine/Plugins/2D/Paper2D/Content/DefaultSpriteMaterial.uasset" 356
"../../../Engine/Plugins/2D/Paper2D/Content/DefaultSpriteMaterial.uexp" 357
"../../../Engine/Plugins/2D/Paper2D/Content/OpaqueUnlitSpriteMaterial.uasset" 358
"../../../Engine/Plugins/2D/Paper2D/Content/OpaqueUnlitSpriteMaterial.uexp" 359
"../../../Engine/Plugins/2D/Paper2D/Content/MaskedUnlitSpriteMaterial.uasset" 360
"../../../Engine/Plugins/2D/Paper2D/Content/MaskedUnlitSpriteMaterial.uexp" 361
"../../../Engine/Plugins/2D/Paper2D/Content/DummySprite.uasset" 362
"../../../Engine/Plugins/2D/Paper2D/Content/DummySprite.uexp" 363
"../../../Engine/Plugins/2D/Paper2D/Content/DefaultPaperTerrainMaterial.uasset" 364
"../../../Engine/Plugins/2D/Paper2D/Content/DefaultPaperTerrainMaterial.uexp" 365
"../../../Engine/Plugins/Animation/ControlRig/Content/M_Manip.uasset" 366
"../../../Engine/Plugins/Animation/ControlRig/Content/M_Manip.uexp" 367
"../../../Engine/Plugins/Animation/ControlRig/Content/Controls/DefaultGizmoLibraryNormalized.uasset" 368
"../../../Engine/Plugins/Animation/ControlRig/Content/Controls/DefaultGizmoLibraryNormalized.uexp" 369
"../../../Engine/Plugins/Animation/ControlRig/Content/Controls/ControlRig_Wedge_solid.ubulk" 370
"../../../Engine/Plugins/Animation/ControlRig/Content/Controls/ControlRig_Wedge_solid.uasset" 371
"../../../Engine/Plugins/Animation/ControlRig/Content/Controls/ControlRig_Wedge_solid.uexp" 372
"../../../Engine/Plugins/Animation/ControlRig/Content/Controls/ControlRig_Wedge_3mm.ubulk" 373
"../../../Engine/Plugins/Animation/ControlRig/Content/Controls/ControlRig_Wedge_3mm.uasset" 374
"../../../Engine/Plugins/Animation/ControlRig/Content/Controls/ControlRig_Wedge_3mm.uexp" 375
"../../../Engine/Plugins/Animation/ControlRig/Content/Controls/ControlRig_Wedge_1mm.ubulk" 376
"../../../Engine/Plugins/Animation/ControlRig/Content/Controls/ControlRig_Wedge_1mm.uasset" 377
"../../../Engine/Plugins/Animation/ControlRig/Content/Controls/ControlRig_Wedge_1mm.uexp" 378
"../../../Engine/Plugins/Animation/ControlRig/Content/Controls/ControlRig_Triangle_solid.ubulk" 379
"../../../Engine/Plugins/Animation/ControlRig/Content/Controls/ControlRig_Triangle_solid.uasset" 380
"../../../Engine/Plugins/Animation/ControlRig/Content/Controls/ControlRig_Triangle_solid.uexp" 381
"../../../Engine/Plugins/Animation/ControlRig/Content/Controls/ControlRig_Triangle_3mm.ubulk" 382
"../../../Engine/Plugins/Animation/ControlRig/Content/Controls/ControlRig_Triangle_3mm.uasset" 383
"../../../Engine/Plugins/Animation/ControlRig/Content/Controls/ControlRig_Triangle_3mm.uexp" 384
"../../../Engine/Plugins/Animation/ControlRig/Content/Controls/ControlRig_Triangle_1mm.ubulk" 385
"../../../Engine/Plugins/Animation/ControlRig/Content/Controls/ControlRig_Triangle_1mm.uasset" 386
"../../../Engine/Plugins/Animation/ControlRig/Content/Controls/ControlRig_Triangle_1mm.uexp" 387
"../../../Engine/Plugins/Animation/ControlRig/Content/Controls/ControlRig_Star4_solid.ubulk" 388
"../../../Engine/Plugins/Animation/ControlRig/Content/Controls/ControlRig_Star4_solid.uasset" 389
"../../../Engine/Plugins/Animation/ControlRig/Content/Controls/ControlRig_Star4_solid.uexp" 390
"../../../Engine/Plugins/Animation/ControlRig/Content/Controls/ControlRig_Star4_3mm.ubulk" 391
"../../../Engine/Plugins/Animation/ControlRig/Content/Controls/ControlRig_Star4_3mm.uasset" 392
"../../../Engine/Plugins/Animation/ControlRig/Content/Controls/ControlRig_Star4_3mm.uexp" 393
"../../../Engine/Plugins/Animation/ControlRig/Content/Controls/ControlRig_Star4_1mm.ubulk" 394
"../../../Engine/Plugins/Animation/ControlRig/Content/Controls/ControlRig_Star4_1mm.uasset" 395
"../../../Engine/Plugins/Animation/ControlRig/Content/Controls/ControlRig_Star4_1mm.uexp" 396
"../../../Engine/Plugins/Animation/ControlRig/Content/Controls/ControlRig_Square_solid.ubulk" 397
"../../../Engine/Plugins/Animation/ControlRig/Content/Controls/ControlRig_Square_solid.uasset" 398
"../../../Engine/Plugins/Animation/ControlRig/Content/Controls/ControlRig_Square_solid.uexp" 399
"../../../Engine/Plugins/Animation/ControlRig/Content/Controls/ControlRig_Square_3mm.ubulk" 400
"../../../Engine/Plugins/Animation/ControlRig/Content/Controls/ControlRig_Square_3mm.uasset" 401
"../../../Engine/Plugins/Animation/ControlRig/Content/Controls/ControlRig_Square_3mm.uexp" 402
"../../../Engine/Plugins/Animation/ControlRig/Content/Controls/ControlRig_Square_1mm.ubulk" 403
"../../../Engine/Plugins/Animation/ControlRig/Content/Controls/ControlRig_Square_1mm.uasset" 404
"../../../Engine/Plugins/Animation/ControlRig/Content/Controls/ControlRig_Square_1mm.uexp" 405
"../../../Engine/Plugins/Animation/ControlRig/Content/Controls/ControlRig_Sphere_solid.ubulk" 406
"../../../Engine/Plugins/Animation/ControlRig/Content/Controls/ControlRig_Sphere_solid.uasset" 407
"../../../Engine/Plugins/Animation/ControlRig/Content/Controls/ControlRig_Sphere_solid.uexp" 408
"../../../Engine/Plugins/Animation/ControlRig/Content/Controls/ControlRig_Sphere_3mm.ubulk" 409
"../../../Engine/Plugins/Animation/ControlRig/Content/Controls/ControlRig_Sphere_3mm.uasset" 410
"../../../Engine/Plugins/Animation/ControlRig/Content/Controls/ControlRig_Sphere_3mm.uexp" 411
"../../../Engine/Plugins/Animation/ControlRig/Content/Controls/ControlRig_Sphere_1mm.ubulk" 412
"../../../Engine/Plugins/Animation/ControlRig/Content/Controls/ControlRig_Sphere_1mm.uasset" 413
"../../../Engine/Plugins/Animation/ControlRig/Content/Controls/ControlRig_Sphere_1mm.uexp" 414
"../../../Engine/Plugins/Animation/ControlRig/Content/Controls/ControlRig_RoundedTriangle_solid.ubulk" 415
"../../../Engine/Plugins/Animation/ControlRig/Content/Controls/ControlRig_RoundedTriangle_solid.uasset" 416
"../../../Engine/Plugins/Animation/ControlRig/Content/Controls/ControlRig_RoundedTriangle_solid.uexp" 417
"../../../Engine/Plugins/Animation/ControlRig/Content/Controls/ControlRig_RoundedTriangle_3mm.ubulk" 418
"../../../Engine/Plugins/Animation/ControlRig/Content/Controls/ControlRig_RoundedTriangle_3mm.uasset" 419
"../../../Engine/Plugins/Animation/ControlRig/Content/Controls/ControlRig_RoundedTriangle_3mm.uexp" 420
"../../../Engine/Plugins/Animation/ControlRig/Content/Controls/ControlRig_RoundedTriangle_1mm.ubulk" 421
"../../../Engine/Plugins/Animation/ControlRig/Content/Controls/ControlRig_RoundedTriangle_1mm.uasset" 422
"../../../Engine/Plugins/Animation/ControlRig/Content/Controls/ControlRig_RoundedTriangle_1mm.uexp" 423
"../../../Engine/Plugins/Animation/ControlRig/Content/Controls/ControlRig_RoundedSquare_solid.ubulk" 424
"../../../Engine/Plugins/Animation/ControlRig/Content/Controls/ControlRig_RoundedSquare_solid.uasset" 425
"../../../Engine/Plugins/Animation/ControlRig/Content/Controls/ControlRig_RoundedSquare_solid.uexp" 426
"../../../Engine/Plugins/Animation/ControlRig/Content/Controls/ControlRig_RoundedSquare_3mm.ubulk" 427
"../../../Engine/Plugins/Animation/ControlRig/Content/Controls/ControlRig_RoundedSquare_3mm.uasset" 428
"../../../Engine/Plugins/Animation/ControlRig/Content/Controls/ControlRig_RoundedSquare_3mm.uexp" 429
"../../../Engine/Plugins/Animation/ControlRig/Content/Controls/ControlRig_RoundedSquare_1mm.ubulk" 430
"../../../Engine/Plugins/Animation/ControlRig/Content/Controls/ControlRig_RoundedSquare_1mm.uasset" 431
"../../../Engine/Plugins/Animation/ControlRig/Content/Controls/ControlRig_RoundedSquare_1mm.uexp" 432
"../../../Engine/Plugins/Animation/ControlRig/Content/Controls/ControlRig_QuarterCircle_solid.ubulk" 433
"../../../Engine/Plugins/Animation/ControlRig/Content/Controls/ControlRig_QuarterCircle_solid.uasset" 434
"../../../Engine/Plugins/Animation/ControlRig/Content/Controls/ControlRig_QuarterCircle_solid.uexp" 435
"../../../Engine/Plugins/Animation/ControlRig/Content/Controls/ControlRig_QuarterCircle_3mm.ubulk" 436
"../../../Engine/Plugins/Animation/ControlRig/Content/Controls/ControlRig_QuarterCircle_3mm.uasset" 437
"../../../Engine/Plugins/Animation/ControlRig/Content/Controls/ControlRig_QuarterCircle_3mm.uexp" 438
"../../../Engine/Plugins/Animation/ControlRig/Content/Controls/ControlRig_QuarterCircle_1mm.ubulk" 439
"../../../Engine/Plugins/Animation/ControlRig/Content/Controls/ControlRig_QuarterCircle_1mm.uasset" 440
"../../../Engine/Plugins/Animation/ControlRig/Content/Controls/ControlRig_QuarterCircle_1mm.uexp" 441
"../../../Engine/Plugins/Animation/ControlRig/Content/Controls/ControlRig_Pyramid_solid.ubulk" 442
"../../../Engine/Plugins/Animation/ControlRig/Content/Controls/ControlRig_Pyramid_solid.uasset" 443
"../../../Engine/Plugins/Animation/ControlRig/Content/Controls/ControlRig_Pyramid_solid.uexp" 444
"../../../Engine/Plugins/Animation/ControlRig/Content/Controls/ControlRig_Pyramid_3mm.ubulk" 445
"../../../Engine/Plugins/Animation/ControlRig/Content/Controls/ControlRig_Pyramid_3mm.uasset" 446
"../../../Engine/Plugins/Animation/ControlRig/Content/Controls/ControlRig_Pyramid_3mm.uexp" 447
"../../../Engine/Plugins/Animation/ControlRig/Content/Controls/ControlRig_Pyramid_1mm.ubulk" 448
"../../../Engine/Plugins/Animation/ControlRig/Content/Controls/ControlRig_Pyramid_1mm.uasset" 449
"../../../Engine/Plugins/Animation/ControlRig/Content/Controls/ControlRig_Pyramid_1mm.uexp" 450
"../../../Engine/Plugins/Animation/ControlRig/Content/Controls/ControlRig_Octagon_solid.ubulk" 451
"../../../Engine/Plugins/Animation/ControlRig/Content/Controls/ControlRig_Octagon_solid.uasset" 452
"../../../Engine/Plugins/Animation/ControlRig/Content/Controls/ControlRig_Octagon_solid.uexp" 453
"../../../Engine/Plugins/Animation/ControlRig/Content/Controls/ControlRig_Octagon_3mm.ubulk" 454
"../../../Engine/Plugins/Animation/ControlRig/Content/Controls/ControlRig_Octagon_3mm.uasset" 455
"../../../Engine/Plugins/Animation/ControlRig/Content/Controls/ControlRig_Octagon_3mm.uexp" 456
"../../../Engine/Plugins/Animation/ControlRig/Content/Controls/ControlRig_Octagon_1mm.ubulk" 457
"../../../Engine/Plugins/Animation/ControlRig/Content/Controls/ControlRig_Octagon_1mm.uasset" 458
"../../../Engine/Plugins/Animation/ControlRig/Content/Controls/ControlRig_Octagon_1mm.uexp" 459
"../../../Engine/Plugins/Animation/ControlRig/Content/Controls/ControlRig_Hexagon_solid.ubulk" 460
"../../../Engine/Plugins/Animation/ControlRig/Content/Controls/ControlRig_Hexagon_solid.uasset" 461
"../../../Engine/Plugins/Animation/ControlRig/Content/Controls/ControlRig_Hexagon_solid.uexp" 462
"../../../Engine/Plugins/Animation/ControlRig/Content/Controls/ControlRig_Hexagon_3mm.ubulk" 463
"../../../Engine/Plugins/Animation/ControlRig/Content/Controls/ControlRig_Hexagon_3mm.uasset" 464
"../../../Engine/Plugins/Animation/ControlRig/Content/Controls/ControlRig_Hexagon_3mm.uexp" 465
"../../../Engine/Plugins/Animation/ControlRig/Content/Controls/ControlRig_Hexagon_1mm.ubulk" 466
"../../../Engine/Plugins/Animation/ControlRig/Content/Controls/ControlRig_Hexagon_1mm.uasset" 467
"../../../Engine/Plugins/Animation/ControlRig/Content/Controls/ControlRig_Hexagon_1mm.uexp" 468
"../../../Engine/Plugins/Animation/ControlRig/Content/Controls/ControlRig_HalfCircle_solid.ubulk" 469
"../../../Engine/Plugins/Animation/ControlRig/Content/Controls/ControlRig_HalfCircle_solid.uasset" 470
"../../../Engine/Plugins/Animation/ControlRig/Content/Controls/ControlRig_HalfCircle_solid.uexp" 471
"../../../Engine/Plugins/Animation/ControlRig/Content/Controls/ControlRig_HalfCircle_3mm.ubulk" 472
"../../../Engine/Plugins/Animation/ControlRig/Content/Controls/ControlRig_HalfCircle_3mm.uasset" 473
"../../../Engine/Plugins/Animation/ControlRig/Content/Controls/ControlRig_HalfCircle_3mm.uexp" 474
"../../../Engine/Plugins/Animation/ControlRig/Content/Controls/ControlRig_HalfCircle_1mm.ubulk" 475
"../../../Engine/Plugins/Animation/ControlRig/Content/Controls/ControlRig_HalfCircle_1mm.uasset" 476
"../../../Engine/Plugins/Animation/ControlRig/Content/Controls/ControlRig_HalfCircle_1mm.uexp" 477
"../../../Engine/Plugins/Animation/ControlRig/Content/Controls/ControlRig_Diamond_solid.ubulk" 478
"../../../Engine/Plugins/Animation/ControlRig/Content/Controls/ControlRig_Diamond_solid.uasset" 479
"../../../Engine/Plugins/Animation/ControlRig/Content/Controls/ControlRig_Diamond_solid.uexp" 480
"../../../Engine/Plugins/Animation/ControlRig/Content/Controls/ControlRig_Diamond_3mm.ubulk" 481
"../../../Engine/Plugins/Animation/ControlRig/Content/Controls/ControlRig_Diamond_3mm.uasset" 482
"../../../Engine/Plugins/Animation/ControlRig/Content/Controls/ControlRig_Diamond_3mm.uexp" 483
"../../../Engine/Plugins/Animation/ControlRig/Content/Controls/ControlRig_Diamond_1mm.ubulk" 484
"../../../Engine/Plugins/Animation/ControlRig/Content/Controls/ControlRig_Diamond_1mm.uasset" 485
"../../../Engine/Plugins/Animation/ControlRig/Content/Controls/ControlRig_Diamond_1mm.uexp" 486
"../../../Engine/Plugins/Animation/ControlRig/Content/Controls/ControlRig_Circle_solid.ubulk" 487
"../../../Engine/Plugins/Animation/ControlRig/Content/Controls/ControlRig_Circle_solid.uasset" 488
"../../../Engine/Plugins/Animation/ControlRig/Content/Controls/ControlRig_Circle_solid.uexp" 489
"../../../Engine/Plugins/Animation/ControlRig/Content/Controls/ControlRig_Circle_3mm.ubulk" 490
"../../../Engine/Plugins/Animation/ControlRig/Content/Controls/ControlRig_Circle_3mm.uasset" 491
"../../../Engine/Plugins/Animation/ControlRig/Content/Controls/ControlRig_Circle_3mm.uexp" 492
"../../../Engine/Plugins/Animation/ControlRig/Content/Controls/ControlRig_Circle_1mm.ubulk" 493
"../../../Engine/Plugins/Animation/ControlRig/Content/Controls/ControlRig_Circle_1mm.uasset" 494
"../../../Engine/Plugins/Animation/ControlRig/Content/Controls/ControlRig_Circle_1mm.uexp" 495
"../../../Engine/Plugins/Animation/ControlRig/Content/Controls/ControlRig_Box_solid.ubulk" 496
"../../../Engine/Plugins/Animation/ControlRig/Content/Controls/ControlRig_Box_solid.uasset" 497
"../../../Engine/Plugins/Animation/ControlRig/Content/Controls/ControlRig_Box_solid.uexp" 498
"../../../Engine/Plugins/Animation/ControlRig/Content/Controls/ControlRig_Box_3mm.ubulk" 499
"../../../Engine/Plugins/Animation/ControlRig/Content/Controls/ControlRig_Box_3mm.uasset" 500
"../../../Engine/Plugins/Animation/ControlRig/Content/Controls/ControlRig_Box_3mm.uexp" 501
"../../../Engine/Plugins/Animation/ControlRig/Content/Controls/ControlRig_Box_1mm.ubulk" 502
"../../../Engine/Plugins/Animation/ControlRig/Content/Controls/ControlRig_Box_1mm.uasset" 503
"../../../Engine/Plugins/Animation/ControlRig/Content/Controls/ControlRig_Box_1mm.uexp" 504
"../../../Engine/Plugins/Animation/ControlRig/Content/Controls/ControlRig_Arrow_solid.ubulk" 505
"../../../Engine/Plugins/Animation/ControlRig/Content/Controls/ControlRig_Arrow_solid.uasset" 506
"../../../Engine/Plugins/Animation/ControlRig/Content/Controls/ControlRig_Arrow_solid.uexp" 507
"../../../Engine/Plugins/Animation/ControlRig/Content/Controls/ControlRig_Arrow_3mm.ubulk" 508
"../../../Engine/Plugins/Animation/ControlRig/Content/Controls/ControlRig_Arrow_3mm.uasset" 509
"../../../Engine/Plugins/Animation/ControlRig/Content/Controls/ControlRig_Arrow_3mm.uexp" 510
"../../../Engine/Plugins/Animation/ControlRig/Content/Controls/ControlRig_Arrow_1mm.ubulk" 511
"../../../Engine/Plugins/Animation/ControlRig/Content/Controls/ControlRig_Arrow_1mm.uasset" 512
"../../../Engine/Plugins/Animation/ControlRig/Content/Controls/ControlRig_Arrow_1mm.uexp" 513
"../../../Engine/Plugins/Animation/ControlRig/Content/Controls/ControlRig_Arrow4_solid.ubulk" 514
"../../../Engine/Plugins/Animation/ControlRig/Content/Controls/ControlRig_Arrow4_solid.uasset" 515
"../../../Engine/Plugins/Animation/ControlRig/Content/Controls/ControlRig_Arrow4_solid.uexp" 516
"../../../Engine/Plugins/Animation/ControlRig/Content/Controls/ControlRig_Arrow4_3mm.ubulk" 517
"../../../Engine/Plugins/Animation/ControlRig/Content/Controls/ControlRig_Arrow4_3mm.uasset" 518
"../../../Engine/Plugins/Animation/ControlRig/Content/Controls/ControlRig_Arrow4_3mm.uexp" 519
"../../../Engine/Plugins/Animation/ControlRig/Content/Controls/ControlRig_Arrow4_1mm.ubulk" 520
"../../../Engine/Plugins/Animation/ControlRig/Content/Controls/ControlRig_Arrow4_1mm.uasset" 521
"../../../Engine/Plugins/Animation/ControlRig/Content/Controls/ControlRig_Arrow4_1mm.uexp" 522
"../../../Engine/Plugins/Animation/ControlRig/Content/Controls/ControlRig_Arrow2_solid.ubulk" 523
"../../../Engine/Plugins/Animation/ControlRig/Content/Controls/ControlRig_Arrow2_solid.uasset" 524
"../../../Engine/Plugins/Animation/ControlRig/Content/Controls/ControlRig_Arrow2_solid.uexp" 525
"../../../Engine/Plugins/Animation/ControlRig/Content/Controls/ControlRig_Arrow2_3mm.ubulk" 526
"../../../Engine/Plugins/Animation/ControlRig/Content/Controls/ControlRig_Arrow2_3mm.uasset" 527
"../../../Engine/Plugins/Animation/ControlRig/Content/Controls/ControlRig_Arrow2_3mm.uexp" 528
"../../../Engine/Plugins/Animation/ControlRig/Content/Controls/ControlRig_Arrow2_1mm.ubulk" 529
"../../../Engine/Plugins/Animation/ControlRig/Content/Controls/ControlRig_Arrow2_1mm.uasset" 530
"../../../Engine/Plugins/Animation/ControlRig/Content/Controls/ControlRig_Arrow2_1mm.uexp" 531
"../../../Engine/Plugins/Animation/ControlRig/Content/Controls/ControlRigGizmoMaterial.uasset" 532
"../../../Engine/Plugins/Animation/ControlRig/Content/Controls/ControlRigGizmoMaterial.uexp" 533
"../../../Engine/Plugins/Editor/SpeedTreeImporter/Content/SpeedTree9/game_wind_noise.ubulk" 534
"../../../Engine/Plugins/Editor/SpeedTreeImporter/Content/SpeedTree9/game_wind_noise.uasset" 535
"../../../Engine/Plugins/Editor/SpeedTreeImporter/Content/SpeedTree9/game_wind_noise.uexp" 536
"../../../Engine/Plugins/Editor/SpeedTreeImporter/Content/SpeedTree9/UnpackDirection.uasset" 537
"../../../Engine/Plugins/Editor/SpeedTreeImporter/Content/SpeedTree9/UnpackDirection.uexp" 538
"../../../Engine/Content/Functions/Engine_MaterialFunctions02/ObjectLocalBounds.uasset" 539
"../../../Engine/Content/Functions/Engine_MaterialFunctions02/ObjectLocalBounds.uexp" 540
"../../../Engine/Content/Functions/Engine_MaterialFunctions02/UVs/BoundingBoxBased_0-1_UVW.uasset" 541
"../../../Engine/Content/Functions/Engine_MaterialFunctions02/UVs/BoundingBoxBased_0-1_UVW.uexp" 542
"../../../Engine/Content/Functions/Engine_MaterialFunctions02/Utility/VectorLength.uasset" 543
"../../../Engine/Content/Functions/Engine_MaterialFunctions02/Utility/VectorLength.uexp" 544
"../../../Engine/Plugins/Editor/SpeedTreeImporter/Content/SpeedTree9/UnpackInteger3.uasset" 545
"../../../Engine/Plugins/Editor/SpeedTreeImporter/Content/SpeedTree9/UnpackInteger3.uexp" 546
"../../../Engine/Plugins/Editor/SpeedTreeImporter/Content/SpeedTree9/SpeedTreeCameraFacing.uasset" 547
"../../../Engine/Plugins/Editor/SpeedTreeImporter/Content/SpeedTree9/SpeedTreeCameraFacing.uexp" 548
"../../../Engine/Content/Functions/Engine_MaterialFunctions02/WorldPositionOffset/ObjectScale.uasset" 549
"../../../Engine/Content/Functions/Engine_MaterialFunctions02/WorldPositionOffset/ObjectScale.uexp" 550
"../../../Engine/Content/Functions/Engine_MaterialFunctions02/SafeNormalize.uasset" 551
"../../../Engine/Content/Functions/Engine_MaterialFunctions02/SafeNormalize.uexp" 552
"../../../Engine/Plugins/Editor/SpeedTreeImporter/Content/SpeedTree9/SpeedTreeWindMotion.uasset" 553
"../../../Engine/Plugins/Editor/SpeedTreeImporter/Content/SpeedTree9/SpeedTreeWindMotion.uexp" 554
"../../../Engine/Plugins/Editor/SpeedTreeImporter/Content/SpeedTree9/SpeedTreeBranchMotion.uasset" 555
"../../../Engine/Plugins/Editor/SpeedTreeImporter/Content/SpeedTree9/SpeedTreeBranchMotion.uexp" 556
"../../../Engine/Plugins/Editor/SpeedTreeImporter/Content/SpeedTree9/SpeedTreeWind.uasset" 557
"../../../Engine/Plugins/Editor/SpeedTreeImporter/Content/SpeedTree9/SpeedTreeWind.uexp" 558
"../../../Engine/Plugins/Editor/SpeedTreeImporter/Content/SpeedTree9/EmptyNormal.uasset" 559
"../../../Engine/Plugins/Editor/SpeedTreeImporter/Content/SpeedTree9/EmptyNormal.uexp" 560
"../../../Engine/Plugins/Editor/SpeedTreeImporter/Content/SpeedTree9/Empty.uasset" 561
"../../../Engine/Plugins/Editor/SpeedTreeImporter/Content/SpeedTree9/Empty.uexp" 562
"../../../Engine/Plugins/Editor/SpeedTreeImporter/Content/SpeedTree9/SpeedTreeMaster.uasset" 563
"../../../Engine/Plugins/Editor/SpeedTreeImporter/Content/SpeedTree9/SpeedTreeMaster.uexp" 564
"../../../Engine/Plugins/Editor/SpeedTreeImporter/Content/SpeedTree9/SpeedTreeBillboard.uasset" 565
"../../../Engine/Plugins/Editor/SpeedTreeImporter/Content/SpeedTree9/SpeedTreeBillboard.uexp" 566
"../../../Engine/Plugins/Editor/SpeedTreeImporter/Content/SpeedTree9/SpeedTreeBillboardMaster.uasset" 567
"../../../Engine/Plugins/Editor/SpeedTreeImporter/Content/SpeedTree9/SpeedTreeBillboardMaster.uexp" 568
"../../../Engine/Plugins/Runtime/HairStrands/Content/Materials/HairMeshesDefaultMaterial.uasset" 569
"../../../Engine/Plugins/Runtime/HairStrands/Content/Materials/HairMeshesDefaultMaterial.uexp" 570
"../../../Engine/Plugins/Runtime/HairStrands/Content/Materials/HairDefaultMaterial.uasset" 571
"../../../Engine/Plugins/Runtime/HairStrands/Content/Materials/HairDefaultMaterial.uexp" 572
"../../../Engine/Plugins/Runtime/HairStrands/Content/Materials/HairGroupColors.uasset" 573
"../../../Engine/Plugins/Runtime/HairStrands/Content/Materials/HairGroupColors.uexp" 574
"../../../Engine/Content/EngineMaterials/HairColorMap.uasset" 575
"../../../Engine/Content/EngineMaterials/HairColorMap.uexp" 576
"../../../Engine/Content/EngineMaterials/HairDebugColor.uasset" 577
"../../../Engine/Content/EngineMaterials/HairDebugColor.uexp" 578
"../../../Engine/Plugins/Runtime/HairStrands/Content/Materials/HairDebugMaterial.uasset" 579
"../../../Engine/Plugins/Runtime/HairStrands/Content/Materials/HairDebugMaterial.uexp" 580
"../../../Engine/Plugins/Runtime/HairStrands/Content/Materials/HairCardsDefaultMaterial.uasset" 581
"../../../Engine/Plugins/Runtime/HairStrands/Content/Materials/HairCardsDefaultMaterial.uexp" 582
"../../../CarGame/Content/PostProcessing/GetPixelDepth.uasset" 583
"../../../CarGame/Content/PostProcessing/GetPixelDepth.uexp" 584
"../../../CarGame/Content/PostProcessing/GetPixelNormal.uasset" 585
"../../../CarGame/Content/PostProcessing/GetPixelNormal.uexp" 586
"../../../CarGame/Content/PostProcessing/OutlineShader.uasset" 587
"../../../CarGame/Content/PostProcessing/OutlineShader.uexp" 588
"../../../Engine/Content/EngineSky/C_Sky_Horizon_Color.uasset" 589
"../../../Engine/Content/EngineSky/C_Sky_Horizon_Color.uexp" 590
"../../../Engine/Content/EngineSky/T_Sky_Stars.ubulk" 591
"../../../Engine/Content/EngineSky/T_Sky_Stars.uasset" 592
"../../../Engine/Content/EngineSky/T_Sky_Stars.uexp" 593
"../../../Engine/Content/EngineSky/T_Sky_Clouds_M.ubulk" 594
"../../../Engine/Content/EngineSky/T_Sky_Clouds_M.uasset" 595
"../../../Engine/Content/EngineSky/T_Sky_Clouds_M.uexp" 596
"../../../Engine/Content/EngineSky/T_Sky_Blue.ubulk" 597
"../../../Engine/Content/EngineSky/T_Sky_Blue.uasset" 598
"../../../Engine/Content/EngineSky/T_Sky_Blue.uexp" 599
"../../../Engine/Content/EngineSky/M_Sky_Panning_Clouds2.uasset" 600
"../../../Engine/Content/EngineSky/M_Sky_Panning_Clouds2.uexp" 601
"../../../Engine/Content/EngineSky/SM_SkySphere.ubulk" 602
"../../../Engine/Content/EngineSky/SM_SkySphere.uasset" 603
"../../../Engine/Content/EngineSky/SM_SkySphere.uexp" 604
"../../../Engine/Content/EngineSky/C_Sky_Cloud_Color.uasset" 605
"../../../Engine/Content/EngineSky/C_Sky_Cloud_Color.uexp" 606
"../../../Engine/Content/EngineSky/C_Sky_Zenith_Color.uasset" 607
"../../../Engine/Content/EngineSky/C_Sky_Zenith_Color.uexp" 608
"../../../Engine/Content/EngineSky/BP_Sky_Sphere.uasset" 609
"../../../Engine/Content/EngineSky/BP_Sky_Sphere.uexp" 610
"../../../CarGame/Content/ThirdPersonBP/Maps/ThirdPersonExampleMap_BuiltData.ubulk" 611
"../../../CarGame/Content/ThirdPersonBP/Maps/ThirdPersonExampleMap_BuiltData.uasset" 612
"../../../CarGame/Content/ThirdPersonBP/Maps/ThirdPersonExampleMap_BuiltData.uexp" 613
"../../../Engine/Content/EditorMaterials/AssetViewer/T_ClearSky.uasset" 614
"../../../Engine/Content/EditorMaterials/AssetViewer/T_ClearSky.uexp" 615
"../../../CarGame/Content/HoverCar/LapTimeDisplay.uasset" 616
"../../../CarGame/Content/HoverCar/LapTimeDisplay.uexp" 617
"../../../Engine/Content/BasicShapes/Cube.ubulk" 618
"../../../Engine/Content/BasicShapes/Cube.uasset" 619
"../../../Engine/Content/BasicShapes/Cube.uexp" 620
"../../../CarGame/Content/HoverCar/NewHUD.uasset" 621
"../../../CarGame/Content/HoverCar/NewHUD.uexp" 622
"../../../CarGame/Content/StarterContent/Textures/T_Ceramic_Tile_M.ubulk" 623
"../../../CarGame/Content/StarterContent/Textures/T_Ceramic_Tile_M.uasset" 624
"../../../CarGame/Content/StarterContent/Textures/T_Ceramic_Tile_M.uexp" 625
"../../../CarGame/Content/StarterContent/Textures/T_Rock_Marble_Polished_D.ubulk" 626
"../../../CarGame/Content/StarterContent/Textures/T_Rock_Marble_Polished_D.uasset" 627
"../../../CarGame/Content/StarterContent/Textures/T_Rock_Marble_Polished_D.uexp" 628
"../../../CarGame/Content/StarterContent/Textures/T_Ceramic_Tile_N.ubulk" 629
"../../../CarGame/Content/StarterContent/Textures/T_Ceramic_Tile_N.uasset" 630
"../../../CarGame/Content/StarterContent/Textures/T_Ceramic_Tile_N.uexp" 631
"../../../CarGame/Content/StarterContent/Textures/T_Perlin_Noise_M.ubulk" 632
"../../../CarGame/Content/StarterContent/Textures/T_Perlin_Noise_M.uasset" 633
"../../../CarGame/Content/StarterContent/Textures/T_Perlin_Noise_M.uexp" 634
"../../../CarGame/Content/StarterContent/Materials/M_Ceramic_Tile_Checker.uasset" 635
"../../../CarGame/Content/StarterContent/Materials/M_Ceramic_Tile_Checker.uexp" 636
"../../../CarGame/Content/Materials/PlainMaterial.uasset" 637
"../../../CarGame/Content/Materials/PlainMaterial.uexp" 638
"../../../CarGame/Content/Materials/Green.uasset" 639
"../../../CarGame/Content/Materials/Green.uexp" 640
"../../../Engine/Content/EditorSounds/GamePreview/StartPlayInEditor.ubulk" 641
"../../../Engine/Content/EditorSounds/GamePreview/StartPlayInEditor.uasset" 642
"../../../Engine/Content/EditorSounds/GamePreview/StartPlayInEditor.uexp" 643
"../../../Engine/Content/EditorSounds/GamePreview/StartPlayInEditor_Cue.uasset" 644
"../../../Engine/Content/EditorSounds/GamePreview/StartPlayInEditor_Cue.uexp" 645
"../../../CarGame/Content/Materials/Red.uasset" 646
"../../../CarGame/Content/Materials/Red.uexp" 647
"../../../Engine/Content/VREditor/TransformGizmo/RotationHandleFull.ubulk" 648
"../../../Engine/Content/VREditor/TransformGizmo/RotationHandleFull.uasset" 649
"../../../Engine/Content/VREditor/TransformGizmo/RotationHandleFull.uexp" 650
"../../../CarGame/Content/Track/Checkpoint_BP.uasset" 651
"../../../CarGame/Content/Track/Checkpoint_BP.uexp" 652
"../../../CarGame/Content/Track/Finish_BP.uasset" 653
"../../../CarGame/Content/Track/Finish_BP.uexp" 654
"../../../Engine/Content/BasicShapes/BasicShapeMaterial.uasset" 655
"../../../Engine/Content/BasicShapes/BasicShapeMaterial.uexp" 656
"../../../Engine/Content/MapTemplates/Materials/BasicAsset01.uasset" 657
"../../../Engine/Content/MapTemplates/Materials/BasicAsset01.uexp" 658
"../../../Engine/Content/MapTemplates/Materials/BasicAsset03.uasset" 659
"../../../Engine/Content/MapTemplates/Materials/BasicAsset03.uexp" 660
"../../../CarGame/Content/Track/TrackMesh.uasset" 661
"../../../CarGame/Content/Track/TrackMesh.uexp" 662
"../../../CarGame/Content/Track/Track.uasset" 663
"../../../CarGame/Content/Track/Track.uexp" 664
"../../../Engine/Content/MapTemplates/Sky/T_Sky_Stars.ubulk" 665
"../../../Engine/Content/MapTemplates/Sky/T_Sky_Stars.uasset" 666
"../../../Engine/Content/MapTemplates/Sky/T_Sky_Stars.uexp" 667
"../../../Engine/Content/Functions/Engine_MaterialFunctions01/Density/ExponentialDensity.uasset" 668
"../../../Engine/Content/Functions/Engine_MaterialFunctions01/Density/ExponentialDensity.uexp" 669
"../../../Engine/Content/Functions/Engine_MaterialFunctions01/Gradient/RadialGradientExponential.uasset" 670
"../../../Engine/Content/Functions/Engine_MaterialFunctions01/Gradient/RadialGradientExponential.uexp" 671
"../../../CarGame/Content/HoverCar/SpeedLines.uasset" 672
"../../../CarGame/Content/HoverCar/SpeedLines.uexp" 673
"../../../CarGame/Content/HoverCar/CameraShake.uasset" 674
"../../../CarGame/Content/HoverCar/CameraShake.uexp" 675
"../../../Engine/Content/EditorSounds/GamePreview/EndSimulate.ubulk" 676
"../../../Engine/Content/EditorSounds/GamePreview/EndSimulate.uasset" 677
"../../../Engine/Content/EditorSounds/GamePreview/EndSimulate.uexp" 678
"../../../CarGame/Content/Materials/Black.uasset" 679
"../../../CarGame/Content/Materials/Black.uexp" 680
"../../../CarGame/Content/StarterContent/Audio/Light02.ubulk" 681
"../../../CarGame/Content/StarterContent/Audio/Light02.uasset" 682
"../../../CarGame/Content/StarterContent/Audio/Light02.uexp" 683
"../../../CarGame/Content/HoverCar/ShadowMaterial.uasset" 684
"../../../CarGame/Content/HoverCar/ShadowMaterial.uexp" 685
"../../../CarGame/Content/Materials/GlowingTextMaterial.uasset" 686
"../../../CarGame/Content/Materials/GlowingTextMaterial.uexp" 687
"../../../CarGame/Content/Materials/Yellow.uasset" 688
"../../../CarGame/Content/Materials/Yellow.uexp" 689
"../../../CarGame/Content/StarsNew.uasset" 690
"../../../CarGame/Content/StarsNew.uexp" 691
"../../../CarGame/Content/Materials/White.uasset" 692
"../../../CarGame/Content/Materials/White.uexp" 693
"../../../CarGame/Content/HoverCar/BP_HoverCar.uasset" 694
"../../../CarGame/Content/HoverCar/BP_HoverCar.uexp" 695
"../../../CarGame/Content/ThirdPersonBP/Blueprints/ThirdPersonGameMode.uasset" 696
"../../../CarGame/Content/ThirdPersonBP/Blueprints/ThirdPersonGameMode.uexp" 697
"../../../CarGame/Content/HoverCar/Drifty.uasset" 698
"../../../CarGame/Content/HoverCar/Drifty.uexp" 699
"../../../CarGame/Content/Materials/Orange.uasset" 700
"../../../CarGame/Content/Materials/Orange.uexp" 701
"../../../CarGame/Content/TrackNoBank.uasset" 702
"../../../CarGame/Content/TrackNoBank.uexp" 703
"../../../CarGame/Content/PostProcessing/Blur.uasset" 704
"../../../CarGame/Content/PostProcessing/Blur.uexp" 705
"../../../Engine/Content/Functions/Engine_MaterialFunctions02/Math/AddComponents.uasset" 706
"../../../Engine/Content/Functions/Engine_MaterialFunctions02/Math/AddComponents.uexp" 707
"../../../CarGame/Content/PostProcessing/BlurTextAndSky.uasset" 708
"../../../CarGame/Content/PostProcessing/BlurTextAndSky.uexp" 709
"../../../CarGame/Content/ThirdPersonBP/Maps/ThirdPersonExampleMap.uexp" 710
"../../../CarGame/Content/ThirdPersonBP/Maps/ThirdPersonExampleMap.umap" 711
"../../../Engine/Content/Maps/Entry_BuiltData.uasset" 712
"../../../Engine/Content/Maps/Entry_BuiltData.uexp" 713
"../../../Engine/Content/Maps/Entry.uexp" 714
"../../../Engine/Content/Maps/Entry.umap" 715
